1603160866129	mozrunner::runner	INFO	Running command: "C:\\Program Files\\Mozilla Firefox\\firefox.exe" "-marionette" "-foreground" "-no-remote" "-profile" "C:\\Users\\Huawei\\AppData\\Local\\Temp\\rust_mozprofileVLu1zx"
Can't find symbol 'eglSwapBuffersWithDamageEXT'.
JavaScript error: resource://gre/modules/XULStore.jsm, line 66: Error: Can't find profile directory.
console.error: SearchCache: "_readCacheFile: Error reading cache file:" (new Error("", "(unknown module)"))
1603160872909	Marionette	INFO	Listening on port 62632
1603160873184	Marionette	WARN	TLS certificate errors will be ignored for this session
JavaScript error: chrome://marionette/content/listener.js, line 388: SecurityError: Permission denied to access property "windowUtils" on cross-origin object
JavaScript error: file:///D:/Tool/%E6%B5%8B%E8%AF%95%E7%AE%A1%E7%90%86%E5%B7%A5%E5%85%B71/selenium2html/alert.html#, line 7: ReferenceError: $ is not defined
JavaScript error: http://netdna.bootstrapcdn.com/twitter-bootstrap/2.3.2/js/bootstrap.min.js, line 7: TypeError: a is not a function
1603160902701	Marionette	INFO	Stopped listening on port 62632

###!!! [Child][RunMessage] Error: Channel closing: too late to send/recv, messages will be lost


###!!! [Child][MessageChannel::SendAndWait] Error: Channel error: cannot send/recv

1603160956544	mozrunner::runner	INFO	Running command: "C:\\Program Files\\Mozilla Firefox\\firefox.exe" "-marionette" "-foreground" "-no-remote" "-profile" "C:\\Users\\Huawei\\AppData\\Local\\Temp\\rust_mozprofilejGVEx4"
Can't find symbol 'eglSwapBuffersWithDamageEXT'.
JavaScript error: resource://gre/modules/XULStore.jsm, line 66: Error: Can't find profile directory.
console.error: SearchCache: "_readCacheFile: Error reading cache file:" (new Error("", "(unknown module)"))
1603160961917	Marionette	INFO	Listening on port 62714
1603160962396	Marionette	WARN	TLS certificate errors will be ignored for this session
JavaScript error: chrome://marionette/content/listener.js, line 388: SecurityError: Permission denied to access property "windowUtils" on cross-origin object
JavaScript error: file:///D:/Tool/%E6%B5%8B%E8%AF%95%E7%AE%A1%E7%90%86%E5%B7%A5%E5%85%B71/selenium2html/alert.html#, line 7: ReferenceError: $ is not defined
JavaScript error: http://netdna.bootstrapcdn.com/twitter-bootstrap/2.3.2/js/bootstrap.min.js, line 7: TypeError: a is not a function
1603160982535	Marionette	INFO	Stopped listening on port 62714

###!!! [Child][RunMessage] Error: Channel closing: too late to send/recv, messages will be lost


###!!! [Child][MessageChannel::SendAndWait] Error: Channel error: cannot send/recv

